{
  service: 'user-service',
  level: 'error',
  message: 'Failed to connect database The `uri` parameter to `openUri()` must be a string, got "undefined". Make sure the first parameter to `mongoose.connect()` or `mongoose.createConnection()` is a string.',
  stack: 'MongooseError: The `uri` parameter to `openUri()` must be a string, got "undefined". Make sure the first parameter to `mongoose.connect()` or `mongoose.createConnection()` is a string.\n' +
    '    at NativeConnection.createClient (D:\\Lavel 2\\Project For Use\\node_modules\\mongoose\\lib\\drivers\\node-mongodb-native\\connection.js:206:11)\n' +
    '    at NativeConnection.openUri (D:\\Lavel 2\\Project For Use\\node_modules\\mongoose\\lib\\connection.js:738:34)\n' +
    '    at Mongoose.connect (D:\\Lavel 2\\Project For Use\\node_modules\\mongoose\\lib\\index.js:404:15)\n' +
    '    at D:\\Lavel 2\\Project For Use\\src\\server.ts:17:20\n' +
    '    at Generator.next (<anonymous>)\n' +
    '    at D:\\Lavel 2\\Project For Use\\src\\server.ts:8:71\n' +
    '    at new Promise (<anonymous>)\n' +
    '    at __awaiter (D:\\Lavel 2\\Project For Use\\src\\server.ts:4:12)\n' +
    '    at bootstrap (D:\\Lavel 2\\Project For Use\\src\\server.ts:25:12)\n' +
    '    at Object.<anonymous> (D:\\Lavel 2\\Project For Use\\src\\server.ts:39:1)',
  label: 'Error Level Log',
  timestamp: '2023-09-05T15:19:16.020Z'
}
{
  service: 'user-service',
  level: 'error',
  message: 'Failed to connect database The `uri` parameter to `openUri()` must be a string, got "undefined". Make sure the first parameter to `mongoose.connect()` or `mongoose.createConnection()` is a string.',
  stack: 'MongooseError: The `uri` parameter to `openUri()` must be a string, got "undefined". Make sure the first parameter to `mongoose.connect()` or `mongoose.createConnection()` is a string.\n' +
    '    at NativeConnection.createClient (D:\\Lavel 2\\Project For Use\\node_modules\\mongoose\\lib\\drivers\\node-mongodb-native\\connection.js:206:11)\n' +
    '    at NativeConnection.openUri (D:\\Lavel 2\\Project For Use\\node_modules\\mongoose\\lib\\connection.js:738:34)\n' +
    '    at Mongoose.connect (D:\\Lavel 2\\Project For Use\\node_modules\\mongoose\\lib\\index.js:404:15)\n' +
    '    at D:\\Lavel 2\\Project For Use\\src\\server.ts:17:20\n' +
    '    at Generator.next (<anonymous>)\n' +
    '    at D:\\Lavel 2\\Project For Use\\src\\server.ts:8:71\n' +
    '    at new Promise (<anonymous>)\n' +
    '    at __awaiter (D:\\Lavel 2\\Project For Use\\src\\server.ts:4:12)\n' +
    '    at bootstrap (D:\\Lavel 2\\Project For Use\\src\\server.ts:25:12)\n' +
    '    at Object.<anonymous> (D:\\Lavel 2\\Project For Use\\src\\server.ts:39:1)',
  label: 'Error Level Log',
  timestamp: '2023-09-05T15:22:19.138Z'
}
{
  service: 'user-service',
  level: 'error',
  message: 'Failed to connect database URI must include hostname, domain name, and tld',
  stack: 'MongoAPIError: URI must include hostname, domain name, and tld\n' +
    '    at resolveSRVRecord (D:\\Lavel 2\\Project For Use\\node_modules\\mongodb\\src\\connection_string.ts:67:11)\n' +
    '    at MongoClient._connect (D:\\Lavel 2\\Project For Use\\node_modules\\mongodb\\src\\mongo_client.ts:475:43)\n' +
    '    at MongoClient.connect (D:\\Lavel 2\\Project For Use\\node_modules\\mongodb\\src\\mongo_client.ts:451:34)\n' +
    '    at NativeConnection.createClient (D:\\Lavel 2\\Project For Use\\node_modules\\mongoose\\lib\\drivers\\node-mongodb-native\\connection.js:296:16)\n' +
    '    at NativeConnection.openUri (D:\\Lavel 2\\Project For Use\\node_modules\\mongoose\\lib\\connection.js:738:34)\n' +
    '    at Mongoose.connect (D:\\Lavel 2\\Project For Use\\node_modules\\mongoose\\lib\\index.js:404:15)\n' +
    '    at D:\\Lavel 2\\Project For Use\\src\\server.ts:17:20\n' +
    '    at Generator.next (<anonymous>)\n' +
    '    at D:\\Lavel 2\\Project For Use\\src\\server.ts:8:71\n' +
    '    at new Promise (<anonymous>)',
  label: 'Error Level Log',
  timestamp: '2023-09-05T15:22:35.614Z',
  [Symbol(errorLabels)]: Set(0) {}
}
{
  service: 'user-service',
  level: 'error',
  message: 'Failed to connect database URI must include hostname, domain name, and tld',
  stack: 'MongoAPIError: URI must include hostname, domain name, and tld\n' +
    '    at resolveSRVRecord (D:\\Lavel 2\\Project For Use\\node_modules\\mongodb\\src\\connection_string.ts:67:11)\n' +
    '    at MongoClient._connect (D:\\Lavel 2\\Project For Use\\node_modules\\mongodb\\src\\mongo_client.ts:475:43)\n' +
    '    at MongoClient.connect (D:\\Lavel 2\\Project For Use\\node_modules\\mongodb\\src\\mongo_client.ts:451:34)\n' +
    '    at NativeConnection.createClient (D:\\Lavel 2\\Project For Use\\node_modules\\mongoose\\lib\\drivers\\node-mongodb-native\\connection.js:296:16)\n' +
    '    at NativeConnection.openUri (D:\\Lavel 2\\Project For Use\\node_modules\\mongoose\\lib\\connection.js:738:34)\n' +
    '    at Mongoose.connect (D:\\Lavel 2\\Project For Use\\node_modules\\mongoose\\lib\\index.js:404:15)\n' +
    '    at D:\\Lavel 2\\Project For Use\\src\\server.ts:17:20\n' +
    '    at Generator.next (<anonymous>)\n' +
    '    at D:\\Lavel 2\\Project For Use\\src\\server.ts:8:71\n' +
    '    at new Promise (<anonymous>)',
  label: 'Error Level Log',
  timestamp: '2023-09-05T15:22:55.651Z',
  [Symbol(errorLabels)]: Set(0) {}
}
