{
  message: ' DataBase is Connected ',
  level: 'info',
  service: 'user-service',
  label: 'right meow!',
  timestamp: '2023-09-04T07:23:19.450Z'
}
{
  message: 'Example app listening on port 5000',
  level: 'info',
  service: 'user-service',
  label: 'right meow!',
  timestamp: '2023-09-04T07:23:19.474Z'
}
{
  message: ' DataBase is Connected ',
  level: 'info',
  service: 'user-service',
  label: 'right meow!',
  timestamp: '2023-09-04T07:26:08.140Z'
}
{
  message: 'Example app listening on port 5000',
  level: 'info',
  service: 'user-service',
  label: 'right meow!',
  timestamp: '2023-09-04T07:26:08.153Z'
}
{
  message: ' DataBase is Connected ',
  level: 'info',
  service: 'user-service',
  label: 'right meow!',
  timestamp: '2023-09-04T07:26:37.463Z'
}
{
  message: 'Example app listening on port 5000',
  level: 'info',
  service: 'user-service',
  label: 'right meow!',
  timestamp: '2023-09-04T07:26:37.476Z'
}
{
  message: ' DataBase is Connected ',
  level: 'info',
  service: 'user-service',
  label: 'right meow!',
  timestamp: '2023-09-04T07:26:41.530Z'
}
{
  message: 'Example app listening on port 5000',
  level: 'info',
  service: 'user-service',
  label: 'right meow!',
  timestamp: '2023-09-04T07:26:41.542Z'
}
{
  message: ' DataBase is Connected ',
  level: 'info',
  service: 'user-service',
  label: 'right meow!',
  timestamp: '2023-09-04T07:26:49.483Z'
}
{
  message: 'Example app listening on port 5000',
  level: 'info',
  service: 'user-service',
  label: 'right meow!',
  timestamp: '2023-09-04T07:26:49.496Z'
}
{
  message: ' DataBase is Connected ',
  level: 'info',
  service: 'user-service',
  label: 'right meow!',
  timestamp: '2023-09-04T07:28:09.748Z'
}
{
  message: 'Example app listening on port 5000',
  level: 'info',
  service: 'user-service',
  label: 'right meow!',
  timestamp: '2023-09-04T07:28:09.761Z'
}
{
  message: ' DataBase is Connected ',
  level: 'info',
  service: 'user-service',
  label: 'right meow!',
  timestamp: '2023-09-04T07:29:46.697Z'
}
{
  message: 'Example app listening on port 5000',
  level: 'info',
  service: 'user-service',
  label: 'right meow!',
  timestamp: '2023-09-04T07:29:46.712Z'
}
{
  message: ' DataBase is Connected ',
  level: 'info',
  service: 'user-service',
  label: 'right meow!',
  timestamp: '2023-09-04T07:30:01.636Z'
}
{
  message: 'Example app listening on port 5000',
  level: 'info',
  service: 'user-service',
  label: 'right meow!',
  timestamp: '2023-09-04T07:30:01.654Z'
}
{
  message: ' DataBase is Connected ',
  level: 'info',
  service: 'user-service',
  label: 'right meow!',
  timestamp: '2023-09-04T07:36:27.892Z'
}
{
  message: 'Example app listening on port 5000',
  level: 'info',
  service: 'user-service',
  label: 'right meow!',
  timestamp: '2023-09-04T07:36:27.949Z'
}
{
  message: ' DataBase is Connected ',
  level: 'info',
  service: 'user-service',
  label: 'right meow!',
  timestamp: '2023-09-04T07:36:52.475Z'
}
{
  message: 'Example app listening on port 5000',
  level: 'info',
  service: 'user-service',
  label: 'right meow!',
  timestamp: '2023-09-04T07:36:52.485Z'
}
{
  message: ' DataBase is Connected ',
  level: 'info',
  service: 'user-service',
  label: 'right meow!',
  timestamp: '2023-09-04T07:37:27.930Z'
}
{
  message: 'Example app listening on port 5000',
  level: 'info',
  service: 'user-service',
  label: 'right meow!',
  timestamp: '2023-09-04T07:37:27.942Z'
}
{
  message: ' DataBase is Connected ',
  level: 'info',
  service: 'user-service',
  label: 'right meow!',
  timestamp: '2023-09-04T07:37:49.392Z'
}
{
  message: 'Example app listening on port 5000',
  level: 'info',
  service: 'user-service',
  label: 'right meow!',
  timestamp: '2023-09-04T07:37:49.406Z'
}
{
  message: ' DataBase is Connected ',
  level: 'info',
  service: 'user-service',
  label: 'right meow!',
  timestamp: '2023-09-04T07:39:09.390Z'
}
{
  message: 'Example app listening on port 5000',
  level: 'info',
  service: 'user-service',
  label: 'right meow!',
  timestamp: '2023-09-04T07:39:09.413Z'
}
{
  message: ' DataBase is Connected ',
  level: 'info',
  service: 'user-service',
  label: 'right meow!',
  timestamp: '2023-09-04T07:42:02.212Z'
}
{
  message: 'Example app listening on port 5000',
  level: 'info',
  service: 'user-service',
  label: 'right meow!',
  timestamp: '2023-09-04T07:42:02.227Z'
}
{
  message: ' DataBase is Connected ',
  level: 'info',
  service: 'user-service',
  label: 'right meow!',
  timestamp: '2023-09-04T07:44:42.282Z'
}
{
  message: 'Example app listening on port 5000',
  level: 'info',
  service: 'user-service',
  label: 'right meow!',
  timestamp: '2023-09-04T07:44:42.293Z'
}
{
  message: ' DataBase is Connected ',
  level: 'info',
  service: 'user-service',
  label: 'right meow!',
  timestamp: '2023-09-04T07:46:55.317Z'
}
{
  message: 'Example app listening on port 5000',
  level: 'info',
  service: 'user-service',
  label: 'right meow!',
  timestamp: '2023-09-04T07:46:55.347Z'
}
{
  message: ' DataBase is Connected ',
  level: 'info',
  service: 'user-service',
  label: 'right meow!',
  timestamp: '2023-09-04T07:48:08.922Z'
}
{
  message: 'Example app listening on port 5000',
  level: 'info',
  service: 'user-service',
  label: 'right meow!',
  timestamp: '2023-09-04T07:48:09.000Z'
}
{
  message: ' DataBase is Connected ',
  level: 'info',
  service: 'user-service',
  label: 'right meow!',
  timestamp: '2023-09-04T07:48:59.366Z'
}
{
  message: 'Example app listening on port 5000',
  level: 'info',
  service: 'user-service',
  label: 'right meow!',
  timestamp: '2023-09-04T07:48:59.381Z'
}
{
  message: ' DataBase is Connected ',
  level: 'info',
  service: 'user-service',
  label: 'right meow!',
  timestamp: '2023-09-04T07:49:52.709Z'
}
{
  message: 'Example app listening on port 5000',
  level: 'info',
  service: 'user-service',
  label: 'right meow!',
  timestamp: '2023-09-04T07:49:52.722Z'
}
{
  message: ' DataBase is Connected ',
  level: 'info',
  service: 'user-service',
  label: 'right meow!',
  timestamp: '2023-09-04T07:56:03.851Z'
}
{
  message: 'Example app listening on port 5000',
  level: 'info',
  service: 'user-service',
  label: 'right meow!',
  timestamp: '2023-09-04T07:56:03.867Z'
}
